<?xml version="1.0" encoding="UTF-8"?>
<testng-results skipped="0" failed="0" ignored="0" total="0" passed="0">
  <reporter-output>
  </reporter-output>
  <suite name="com.gdupt.hai.TestSystem" duration-ms="16" started-at="2021-05-18T00:03:26 CST" finished-at="2021-05-18T00:03:26 CST">
    <groups>
    </groups>
    <test name="Command line test" duration-ms="16" started-at="2021-05-18T00:03:26 CST" finished-at="2021-05-18T00:03:26 CST">
    </test> <!-- Command line test -->
  </suite> <!-- com.gdupt.hai.TestSystem -->
</testng-results>
